<?xml version="1.0" encoding="UTF-8"?>
<robot generator="Robot 6.0.2 (Python 3.10.6 on linux)" generated="20230327 11:36:05.037" rpa="false" schemaversion="3">
<suite id="s1" name="Tests" source="/home/greg/Programming/Git/test_repository_for_rental_store_robot/tests">
<suite id="s1-s1" name="Tests" source="/home/greg/Programming/Git/test_repository_for_rental_store_robot/tests/tests.robot">
<test id="s1-s1-t1" name="Post request to create new customer" line="9">
<kw name="POST" library="RequestsLibrary">
<var>${response}</var>
<arg>${HTTP_LOCAL_SERVER}/customers/add</arg>
<doc>Sends a POST request.</doc>
<msg timestamp="20230327 11:36:05.118" level="INFO">POST Request : url=http://127.0.0.1:8080/customers/add 
 path_url=/customers/add 
 headers={'User-Agent': 'python-requests/2.28.2', 'Accept-Encoding': 'gzip, deflate', 'Accept': '*/*', 'Connection': 'keep-alive', 'Content-Length': '0'} 
 body=None 
 </msg>
<msg timestamp="20230327 11:36:05.118" level="INFO">POST Response : url=http://127.0.0.1:8080/customers/add 
 status=201, reason=Created 
 headers={'date': 'Mon, 27 Mar 2023 09:36:04 GMT', 'server': 'uvicorn', 'content-length': '22', 'content-type': 'application/json'} 
 body={"id":36,"rentals":[]} 
 </msg>
<msg timestamp="20230327 11:36:05.118" level="INFO">${response} = &lt;Response [201]&gt;</msg>
<status status="PASS" starttime="20230327 11:36:05.114" endtime="20230327 11:36:05.118"/>
</kw>
<kw name="Status Should Be" library="RequestsLibrary">
<arg>201</arg>
<arg>${response}</arg>
<doc>Fails if response status code is different than the expected.</doc>
<status status="PASS" starttime="20230327 11:36:05.119" endtime="20230327 11:36:05.119"/>
</kw>
<kw name="Set Variable" library="BuiltIn">
<var>${customer_id}</var>
<arg>${response.json()}[id]</arg>
<doc>Returns the given values which can then be assigned to a variables.</doc>
<msg timestamp="20230327 11:36:05.120" level="INFO">${customer_id} = 36</msg>
<status status="PASS" starttime="20230327 11:36:05.119" endtime="20230327 11:36:05.120"/>
</kw>
<kw name="Set Suite Variable" library="BuiltIn">
<arg>${customer_id}</arg>
<doc>Makes a variable available everywhere within the scope of the current suite.</doc>
<msg timestamp="20230327 11:36:05.122" level="INFO">${customer_id} = 36</msg>
<status status="PASS" starttime="20230327 11:36:05.121" endtime="20230327 11:36:05.122"/>
</kw>
<status status="PASS" starttime="20230327 11:36:05.113" endtime="20230327 11:36:05.122"/>
</test>
<test id="s1-s1-t2" name="Post request to create new film" line="15">
<kw name="Create Dictionary" library="BuiltIn">
<var>${body}</var>
<arg>title=IT</arg>
<arg>type=Old</arg>
<arg>items_total=5</arg>
<doc>Creates and returns a dictionary based on the given ``items``.</doc>
<msg timestamp="20230327 11:36:05.124" level="INFO">${body} = {'title': 'IT', 'type': 'Old', 'items_total': '5'}</msg>
<status status="PASS" starttime="20230327 11:36:05.123" endtime="20230327 11:36:05.124"/>
</kw>
<kw name="POST" library="RequestsLibrary">
<var>${response}</var>
<arg>${HTTP_LOCAL_SERVER}/films/add</arg>
<arg>json=${body}</arg>
<doc>Sends a POST request.</doc>
<msg timestamp="20230327 11:36:05.131" level="INFO">POST Request : url=http://127.0.0.1:8080/films/add 
 path_url=/films/add 
 headers={'User-Agent': 'python-requests/2.28.2', 'Accept-Encoding': 'gzip, deflate', 'Accept': '*/*', 'Connection': 'keep-alive', 'Content-Length': '50', 'Content-Type': 'application/json'} 
 body=b'{"title": "IT", "type": "Old", "items_total": "5"}' 
 </msg>
<msg timestamp="20230327 11:36:05.131" level="INFO">POST Response : url=http://127.0.0.1:8080/films/add 
 status=201, reason=Created 
 headers={'date': 'Mon, 27 Mar 2023 09:36:04 GMT', 'server': 'uvicorn', 'content-length': '71', 'content-type': 'application/json'} 
 body={"id":29,"title":"IT","type":"Old","items_total":5,"available_items":5} 
 </msg>
<msg timestamp="20230327 11:36:05.131" level="INFO">${response} = &lt;Response [201]&gt;</msg>
<status status="PASS" starttime="20230327 11:36:05.125" endtime="20230327 11:36:05.131"/>
</kw>
<kw name="Status Should Be" library="RequestsLibrary">
<arg>201</arg>
<arg>${response}</arg>
<doc>Fails if response status code is different than the expected.</doc>
<status status="PASS" starttime="20230327 11:36:05.131" endtime="20230327 11:36:05.131"/>
</kw>
<kw name="Set Variable" library="BuiltIn">
<var>${film_id}</var>
<arg>${response.json()}[id]</arg>
<doc>Returns the given values which can then be assigned to a variables.</doc>
<msg timestamp="20230327 11:36:05.132" level="INFO">${film_id} = 29</msg>
<status status="PASS" starttime="20230327 11:36:05.132" endtime="20230327 11:36:05.132"/>
</kw>
<kw name="Set Suite Variable" library="BuiltIn">
<arg>${film_id}</arg>
<doc>Makes a variable available everywhere within the scope of the current suite.</doc>
<msg timestamp="20230327 11:36:05.133" level="INFO">${film_id} = 29</msg>
<status status="PASS" starttime="20230327 11:36:05.132" endtime="20230327 11:36:05.133"/>
</kw>
<status status="PASS" starttime="20230327 11:36:05.123" endtime="20230327 11:36:05.133"/>
</test>
<test id="s1-s1-t3" name="POST to rent film by customer" line="22">
<kw name="Create Dictionary" library="BuiltIn">
<var>${rented_film}</var>
<arg>film_id=${film_id}</arg>
<arg>up_front_days=1</arg>
<doc>Creates and returns a dictionary based on the given ``items``.</doc>
<msg timestamp="20230327 11:36:05.134" level="INFO">${rented_film} = {'film_id': 29, 'up_front_days': '1'}</msg>
<status status="PASS" starttime="20230327 11:36:05.134" endtime="20230327 11:36:05.134"/>
</kw>
<kw name="Create List" library="BuiltIn">
<var>${rented_films_list}</var>
<arg>${rented_film}</arg>
<doc>Returns a list containing given items.</doc>
<msg timestamp="20230327 11:36:05.134" level="INFO">${rented_films_list} = [{'film_id': 29, 'up_front_days': '1'}]</msg>
<status status="PASS" starttime="20230327 11:36:05.134" endtime="20230327 11:36:05.134"/>
</kw>
<kw name="Create Dictionary" library="BuiltIn">
<var>${body}</var>
<arg>customer_id=${customer_id}</arg>
<arg>rented_films=${rented_films_list}</arg>
<doc>Creates and returns a dictionary based on the given ``items``.</doc>
<msg timestamp="20230327 11:36:05.135" level="INFO">${body} = {'customer_id': 36, 'rented_films': [{'film_id': 29, 'up_front_days': '1'}]}</msg>
<status status="PASS" starttime="20230327 11:36:05.134" endtime="20230327 11:36:05.135"/>
</kw>
<kw name="POST" library="RequestsLibrary">
<var>${response}</var>
<arg>${HTTP_LOCAL_SERVER}/films/rent</arg>
<arg>json=${body}</arg>
<doc>Sends a POST request.</doc>
<msg timestamp="20230327 11:36:05.142" level="INFO">POST Request : url=http://127.0.0.1:8080/films/rent 
 path_url=/films/rent 
 headers={'User-Agent': 'python-requests/2.28.2', 'Accept-Encoding': 'gzip, deflate', 'Accept': '*/*', 'Connection': 'keep-alive', 'Content-Length': '76', 'Content-Type': 'application/json'} 
 body=b'{"customer_id": 36, "rented_films": [{"film_id": 29, "up_front_days": "1"}]}' 
 </msg>
<msg timestamp="20230327 11:36:05.142" level="INFO">POST Response : url=http://127.0.0.1:8080/films/rent 
 status=200, reason=OK 
 headers={'date': 'Mon, 27 Mar 2023 09:36:04 GMT', 'server': 'uvicorn', 'content-length': '63', 'content-type': 'application/json'} 
 body={"rented_films":[{"film_id":29,"charge":150,"currency":"SEK"}]} 
 </msg>
<msg timestamp="20230327 11:36:05.143" level="INFO">${response} = &lt;Response [200]&gt;</msg>
<status status="PASS" starttime="20230327 11:36:05.135" endtime="20230327 11:36:05.143"/>
</kw>
<kw name="Status Should Be" library="RequestsLibrary">
<arg>200</arg>
<arg>${response}</arg>
<doc>Fails if response status code is different than the expected.</doc>
<status status="PASS" starttime="20230327 11:36:05.143" endtime="20230327 11:36:05.143"/>
</kw>
<status status="PASS" starttime="20230327 11:36:05.133" endtime="20230327 11:36:05.144"/>
</test>
<test id="s1-s1-t4" name="POST to return film by customer" line="29">
<kw name="Create Dictionary" library="BuiltIn">
<var>${returned_film}</var>
<arg>film_id=${film_id}</arg>
<doc>Creates and returns a dictionary based on the given ``items``.</doc>
<msg timestamp="20230327 11:36:05.145" level="INFO">${returned_film} = {'film_id': 29}</msg>
<status status="PASS" starttime="20230327 11:36:05.145" endtime="20230327 11:36:05.146"/>
</kw>
<kw name="Create List" library="BuiltIn">
<var>${returned_films_list}</var>
<arg>${returned_film}</arg>
<doc>Returns a list containing given items.</doc>
<msg timestamp="20230327 11:36:05.147" level="INFO">${returned_films_list} = [{'film_id': 29}]</msg>
<status status="PASS" starttime="20230327 11:36:05.146" endtime="20230327 11:36:05.147"/>
</kw>
<kw name="Create Dictionary" library="BuiltIn">
<var>${body}</var>
<arg>customer_id=${customer_id}</arg>
<arg>returned_films=${returned_films_list}</arg>
<doc>Creates and returns a dictionary based on the given ``items``.</doc>
<msg timestamp="20230327 11:36:05.149" level="INFO">${body} = {'customer_id': 36, 'returned_films': [{'film_id': 29}]}</msg>
<status status="PASS" starttime="20230327 11:36:05.148" endtime="20230327 11:36:05.149"/>
</kw>
<kw name="POST" library="RequestsLibrary">
<var>${response}</var>
<arg>${HTTP_LOCAL_SERVER}/films/return</arg>
<arg>json=${body}</arg>
<doc>Sends a POST request.</doc>
<msg timestamp="20230327 11:36:05.161" level="INFO">POST Request : url=http://127.0.0.1:8080/films/return 
 path_url=/films/return 
 headers={'User-Agent': 'python-requests/2.28.2', 'Accept-Encoding': 'gzip, deflate', 'Accept': '*/*', 'Connection': 'keep-alive', 'Content-Length': '56', 'Content-Type': 'application/json'} 
 body=b'{"customer_id": 36, "returned_films": [{"film_id": 29}]}' 
 </msg>
<msg timestamp="20230327 11:36:05.162" level="INFO">POST Response : url=http://127.0.0.1:8080/films/return 
 status=200, reason=OK 
 headers={'date': 'Mon, 27 Mar 2023 09:36:04 GMT', 'server': 'uvicorn', 'content-length': '66', 'content-type': 'application/json'} 
 body={"returned_films":[{"film_id":29,"surcharge":0,"currency":"SEK"}]} 
 </msg>
<msg timestamp="20230327 11:36:05.162" level="INFO">${response} = &lt;Response [200]&gt;</msg>
<status status="PASS" starttime="20230327 11:36:05.150" endtime="20230327 11:36:05.162"/>
</kw>
<kw name="Status Should Be" library="RequestsLibrary">
<arg>200</arg>
<arg>${response}</arg>
<doc>Fails if response status code is different than the expected.</doc>
<status status="PASS" starttime="20230327 11:36:05.162" endtime="20230327 11:36:05.164"/>
</kw>
<status status="PASS" starttime="20230327 11:36:05.144" endtime="20230327 11:36:05.164"/>
</test>
<status status="PASS" starttime="20230327 11:36:05.058" endtime="20230327 11:36:05.165"/>
</suite>
<status status="PASS" starttime="20230327 11:36:05.038" endtime="20230327 11:36:05.169"/>
</suite>
<statistics>
<total>
<stat pass="4" fail="0" skip="0">All Tests</stat>
</total>
<tag>
</tag>
<suite>
<stat pass="4" fail="0" skip="0" id="s1" name="Tests">Tests</stat>
<stat pass="4" fail="0" skip="0" id="s1-s1" name="Tests">Tests.Tests</stat>
</suite>
</statistics>
<errors>
</errors>
</robot>
